<?xml version="1.0" encoding="UTF-8"?>
<!-- Generated by org.testng.reporters.JUnitReportReporter -->
<testsuite hostname="DESKTOP-7B4PQ9R" failures="0" tests="3" name="demo.HandelAlerts" time="44.039" errors="0" timestamp="2023-11-02T13:19:19 IST" skipped="0">
  <testcase classname="demo.HandelAlerts" name="HandleConfirmationAlert" time="21.468"/>
  <system-out/>
  <testcase classname="demo.HandelAlerts" name="HandlePromptAlert" time="14.312"/>
  <system-out/>
  <testcase classname="demo.HandelAlerts" name="HandleNormalAlert" time="8.259"/>
  <system-out/>
</testsuite> <!-- demo.HandelAlerts -->
