<?xml version="1.0" encoding="UTF-8"?>
<!-- Generated by org.testng.reporters.JUnitReportReporter -->
<testsuite hostname="DESKTOP-7B4PQ9R" failures="0" tests="3" name="demo.Demo" time="4.746" errors="0" timestamp="2023-11-01T12:59:49 IST" skipped="0">
  <testcase classname="demo.Demo" name="validUserInvalidPwd" time="1.311"/>
  <system-out/>
  <testcase classname="demo.Demo" name="InvalidLoginFunction" time="0.935"/>
  <system-out/>
  <testcase classname="demo.Demo" name="Validloginfunction" time="2.500"/>
  <system-out/>
</testsuite> <!-- demo.Demo -->
