<?xml version="1.0" encoding="UTF-8"?>
<!-- Generated by org.testng.reporters.JUnitReportReporter -->
<testsuite hostname="DESKTOP-7B4PQ9R" failures="0" tests="4" name="demo.Priority" time="0.060" errors="0" timestamp="2023-11-02T13:25:45 IST" skipped="0">
  <testcase classname="demo.Priority" name="D" time="0.041"/>
  <system-out/>
  <testcase classname="demo.Priority" name="B" time="0.004"/>
  <system-out/>
  <testcase classname="demo.Priority" name="C" time="0.008"/>
  <system-out/>
  <testcase classname="demo.Priority" name="A" time="0.007"/>
  <system-out/>
</testsuite> <!-- demo.Priority -->
