<?xml version="1.0" encoding="UTF-8"?>
<!-- Generated by org.testng.reporters.JUnitReportReporter -->
<testsuite hostname="DESKTOP-7B4PQ9R" failures="0" tests="3" name="demo.BeforeMethodEx" time="25.728" errors="0" timestamp="2023-11-01T13:03:37 IST" skipped="0">
  <testcase classname="demo.BeforeMethodEx" name="Validloginfunction" time="13.113"/>
  <system-out/>
  <testcase classname="demo.BeforeMethodEx" name="validUserInvalidPwd" time="6.693"/>
  <system-out/>
  <testcase classname="demo.BeforeMethodEx" name="InvalidLoginFunction" time="5.922"/>
  <system-out/>
</testsuite> <!-- demo.BeforeMethodEx -->
